14-03-2017 14:44:56.9 [NOTICE] Success
14-03-2017 14:44:57.1 [INFO] client
14-03-2017 14:44:57.2 [NOTICE] [
   {
      "Field": "id",
      "Type": "int(10) unsigned",
      "Null": "NO",
      "Key": "PRI",
      "Default": null,
      "Extra": "auto_increment"
   },
   {
      "Field": "name",
      "Type": "varchar(45)",
      "Null": "NO",
      "Key": "",
      "Default": null,
      "Extra": ""
   },
   {
      "Field": "telephone_fixe",
      "Type": "varchar(45)",
      "Null": "YES",
      "Key": "",
      "Default": null,
      "Extra": ""
   },
   {
      "Field": "telephone_mobile",
      "Type": "varchar(45)",
      "Null": "YES",
      "Key": "",
      "Default": null,
      "Extra": ""
   },
   {
      "Field": "email",
      "Type": "varchar(45)",
      "Null": "YES",
      "Key": "",
      "Default": null,
      "Extra": ""
   },
   {
      "Field": "website",
      "Type": "varchar(45)",
      "Null": "YES",
      "Key": "",
      "Default": null,
      "Extra": ""
   },
   {
      "Field": "address",
      "Type": "varchar(45)",
      "Null": "YES",
      "Key": "",
      "Default": null,
      "Extra": ""
   },
   {
      "Field": "passcode",
      "Type": "varchar(45)",
      "Null": "YES",
      "Key": "",
      "Default": null,
      "Extra": ""
   },
   {
      "Field": "date_souscription",
      "Type": "datetime",
      "Null": "YES",
      "Key": "",
      "Default": null,
      "Extra": ""
   },
   {
      "Field": "date_creation",
      "Type": "datetime",
      "Null": "YES",
      "Key": "",
      "Default": null,
      "Extra": ""
   },
   {
      "Field": "date_resiliation",
      "Type": "datetime",
      "Null": "YES",
      "Key": "",
      "Default": null,
      "Extra": ""
   }
]
14-03-2017 14:45:08.2 [NOTICE] Success
14-03-2017 14:45:08.2 [INFO] client
14-03-2017 14:45:08.3 [NOTICE] [
   {
      "Field": "id",
      "Type": "int(10) unsigned",
      "Null": "NO",
      "Key": "PRI",
      "Default": null,
      "Extra": "auto_increment"
   },
   {
      "Field": "name",
      "Type": "varchar(45)",
      "Null": "NO",
      "Key": "",
      "Default": null,
      "Extra": ""
   },
   {
      "Field": "telephone_fixe",
      "Type": "varchar(45)",
      "Null": "YES",
      "Key": "",
      "Default": null,
      "Extra": ""
   },
   {
      "Field": "telephone_mobile",
      "Type": "varchar(45)",
      "Null": "YES",
      "Key": "",
      "Default": null,
      "Extra": ""
   },
   {
      "Field": "email",
      "Type": "varchar(45)",
      "Null": "YES",
      "Key": "",
      "Default": null,
      "Extra": ""
   },
   {
      "Field": "website",
      "Type": "varchar(45)",
      "Null": "YES",
      "Key": "",
      "Default": null,
      "Extra": ""
   },
   {
      "Field": "address",
      "Type": "varchar(45)",
      "Null": "YES",
      "Key": "",
      "Default": null,
      "Extra": ""
   },
   {
      "Field": "passcode",
      "Type": "varchar(45)",
      "Null": "YES",
      "Key": "",
      "Default": null,
      "Extra": ""
   },
   {
      "Field": "date_souscription",
      "Type": "datetime",
      "Null": "YES",
      "Key": "",
      "Default": null,
      "Extra": ""
   },
   {
      "Field": "date_creation",
      "Type": "datetime",
      "Null": "YES",
      "Key": "",
      "Default": null,
      "Extra": ""
   },
   {
      "Field": "date_resiliation",
      "Type": "datetime",
      "Null": "YES",
      "Key": "",
      "Default": null,
      "Extra": ""
   }
]
14-03-2017 14:46:42.1 [NOTICE] Success
14-03-2017 14:46:42.1 [INFO] client
14-03-2017 14:46:42.2 [NOTICE] [
   {
      "Field": "id",
      "Type": "int(10) unsigned",
      "Null": "NO",
      "Key": "PRI",
      "Default": null,
      "Extra": "auto_increment"
   },
   {
      "Field": "name",
      "Type": "varchar(45)",
      "Null": "NO",
      "Key": "",
      "Default": null,
      "Extra": ""
   },
   {
      "Field": "telephone_fixe",
      "Type": "varchar(45)",
      "Null": "YES",
      "Key": "",
      "Default": null,
      "Extra": ""
   },
   {
      "Field": "telephone_mobile",
      "Type": "varchar(45)",
      "Null": "YES",
      "Key": "",
      "Default": null,
      "Extra": ""
   },
   {
      "Field": "email",
      "Type": "varchar(45)",
      "Null": "YES",
      "Key": "",
      "Default": null,
      "Extra": ""
   },
   {
      "Field": "website",
      "Type": "varchar(45)",
      "Null": "YES",
      "Key": "",
      "Default": null,
      "Extra": ""
   },
   {
      "Field": "address",
      "Type": "varchar(45)",
      "Null": "YES",
      "Key": "",
      "Default": null,
      "Extra": ""
   },
   {
      "Field": "passcode",
      "Type": "varchar(45)",
      "Null": "YES",
      "Key": "",
      "Default": null,
      "Extra": ""
   },
   {
      "Field": "date_souscription",
      "Type": "datetime",
      "Null": "YES",
      "Key": "",
      "Default": null,
      "Extra": ""
   },
   {
      "Field": "date_creation",
      "Type": "datetime",
      "Null": "YES",
      "Key": "",
      "Default": null,
      "Extra": ""
   },
   {
      "Field": "date_resiliation",
      "Type": "datetime",
      "Null": "YES",
      "Key": "",
      "Default": null,
      "Extra": ""
   }
]
14-03-2017 17:21:35.4 [NOTICE] Success
14-03-2017 17:25:59.8 [NOTICE] Success
14-03-2017 17:47:52.6 [NOTICE] Success
14-03-2017 17:48:40.4 [NOTICE] Success
14-03-2017 17:54:09.6 [NOTICE] Success
14-03-2017 17:54:38.6 [NOTICE] Success
14-03-2017 17:54:51.0 [NOTICE] Success
14-03-2017 17:55:18.2 [NOTICE] Success
14-03-2017 17:55:36.5 [NOTICE] Success
14-03-2017 17:55:49.5 [NOTICE] Success
14-03-2017 17:55:58.9 [NOTICE] Success
14-03-2017 17:57:00.4 [NOTICE] Success
14-03-2017 17:57:22.1 [NOTICE] Success
14-03-2017 17:58:56.9 [NOTICE] Success
14-03-2017 18:03:43.3 [NOTICE] Success
14-03-2017 18:04:41.0 [NOTICE] Success
14-03-2017 18:06:02.8 [NOTICE] Success
14-03-2017 18:06:57.4 [NOTICE] Success
14-03-2017 18:07:41.7 [NOTICE] Success
14-03-2017 18:13:53.3 [NOTICE] Success
14-03-2017 18:16:59.3 [NOTICE] Success
14-03-2017 18:17:11.7 [NOTICE] Success
14-03-2017 22:43:29.0 [NOTICE] Success
14-03-2017 22:44:03.2 [NOTICE] Success
14-03-2017 22:44:57.6 [NOTICE] Success
